<?xml version="1.0" encoding="UTF-8"?>
<!-- Generated by org.testng.reporters.JUnitReportReporter -->
<testsuite skipped="0" hostname="Nikki" name="com.maven.automation.MavenAutomation.Home.TC001_VerifyLoginWithInvalidecredentTest" tests="1" failures="0" timestamp="24 Feb 2018 12:20:48 GMT" time="6.861" errors="0">
  <testcase name="f" time="6.861" classname="com.maven.automation.MavenAutomation.Home.TC001_VerifyLoginWithInvalidecredentTest"/>
</testsuite> <!-- com.maven.automation.MavenAutomation.Home.TC001_VerifyLoginWithInvalidecredentTest -->
